\BOOKMARK [1][-]{section.1}{\376\377\000I\000n\000t\000r\000o\000d\000u\000c\000t\000i\000o\000n}{}% 1
\BOOKMARK [2][-]{subsection.1.1}{\376\377\000T\000h\000e\000\040\000n\000o\000t\000i\000o\000n\000\040\000o\000f\000\040\000a\000\040\000q\000u\000a\000n\000t\000u\000m\000\040\000s\000t\000a\000t\000e}{section.1}% 2
\BOOKMARK [2][-]{subsection.1.2}{\376\377\000M\000e\000a\000s\000u\000r\000i\000n\000g\000\040\000a\000\040\000q\000u\000a\000n\000t\000u\000m\000\040\000s\000t\000a\000t\000e}{section.1}% 3
\BOOKMARK [2][-]{subsection.1.3}{\376\377\000S\000t\000a\000t\000e\000\040\000D\000i\000s\000c\000r\000i\000m\000i\000n\000a\000t\000i\000o\000n}{section.1}% 4
\BOOKMARK [3][-]{subsubsection.1.3.1}{\376\377\000S\000t\000a\000t\000e\000\040\000D\000i\000s\000c\000r\000i\000m\000i\000n\000a\000t\000i\000o\000n\000\040\000w\000i\000t\000h\000\040\000M\000i\000n\000i\000m\000u\000m\000\040\000E\000r\000r\000o\000r}{subsection.1.3}% 5
\BOOKMARK [3][-]{subsubsection.1.3.2}{\376\377\000U\000n\000a\000m\000b\000i\000g\000u\000o\000u\000s\000\040\000S\000t\000a\000t\000e\000\040\000D\000i\000s\000c\000r\000i\000m\000i\000n\000a\000t\000i\000o\000n}{subsection.1.3}% 6
\BOOKMARK [3][-]{subsubsection.1.3.3}{\376\377\000P\000r\000e\000t\000t\000y\000-\000G\000o\000o\000d\000\040\000M\000e\000a\000s\000u\000r\000e\000m\000e\000n\000t}{subsection.1.3}% 7
\BOOKMARK [3][-]{subsubsection.1.3.4}{\376\377\000O\000t\000h\000e\000r\000\040\000M\000e\000a\000s\000u\000r\000e\000m\000e\000n\000t\000\040\000S\000t\000r\000a\000t\000e\000g\000i\000e\000s}{subsection.1.3}% 8
\BOOKMARK [2][-]{subsection.1.4}{\376\377\000T\000h\000e\000\040\000R\000o\000l\000e\000\040\000o\000f\000\040\000S\000t\000a\000t\000e\000\040\000D\000i\000s\000c\000r\000i\000m\000i\000n\000a\000t\000i\000o\000n\000\040\000i\000n\000\040\000Q\000u\000a\000n\000t\000u\000m\000\040\000I\000n\000f\000o\000r\000m\000a\000t\000i\000o\000n\000\040\000T\000h\000e\000o\000r\000y}{section.1}% 9
\BOOKMARK [2][-]{subsection.1.5}{\376\377\000C\000o\000n\000t\000i\000n\000u\000o\000u\000s\000\040\000V\000a\000r\000i\000a\000b\000l\000e\000s\000\040\000i\000n\000\040\000Q\000u\000a\000n\000t\000u\000m\000\040\000M\000e\000c\000h\000a\000n\000i\000c\000s}{section.1}% 10
\BOOKMARK [2][-]{subsection.1.6}{\376\377\000S\000c\000o\000p\000e\000\040\000o\000f\000\040\000T\000h\000i\000s\000\040\000W\000o\000r\000k}{section.1}% 11
\BOOKMARK [1][-]{section.2}{\376\377\000C\000o\000n\000t\000i\000n\000u\000o\000u\000s\000\040\000V\000a\000r\000i\000a\000b\000l\000e\000\040\000Q\000u\000a\000n\000t\000u\000m\000\040\000I\000n\000f\000o\000r\000m\000a\000t\000i\000o\000n\000\040\000T\000h\000e\000o\000r\000y}{}% 12
\BOOKMARK [2][-]{subsection.2.1}{\376\377\000I\000n\000t\000r\000o\000d\000u\000c\000t\000i\000o\000n}{section.2}% 13
\BOOKMARK [2][-]{subsection.2.2}{\376\377\000Q\000u\000a\000n\000t\000i\000z\000a\000t\000i\000o\000n\000\040\000o\000f\000\040\000a\000\040\000S\000i\000n\000g\000l\000e\000\040\000E\000l\000e\000c\000t\000r\000o\000m\000a\000g\000n\000e\000t\000i\000c\000\040\000F\000i\000e\000l\000d\000\040\000M\000o\000d\000e}{section.2}% 14
\BOOKMARK [3][-]{subsubsection.2.2.1}{\376\377\000H\000a\000m\000i\000l\000t\000o\000n\000i\000a\000n\000\040\000o\000f\000\040\000t\000h\000e\000\040\000F\000i\000e\000l\000d}{subsection.2.2}% 15
\BOOKMARK [2][-]{subsection.2.3}{\376\377\000B\000o\000s\000o\000n\000i\000c\000\040\000M\000o\000d\000e\000s\000\040\000f\000r\000o\000m\000\040\000t\000h\000e\000\040\000H\000a\000r\000m\000o\000n\000i\000c\000\040\000O\000s\000c\000i\000l\000l\000a\000t\000o\000r}{section.2}% 16
\BOOKMARK [3][-]{subsubsection.2.3.1}{\376\377\000C\000o\000n\000n\000e\000c\000t\000i\000o\000n\000\040\000t\000o\000\040\000t\000h\000e\000\040\000S\000t\000a\000n\000d\000a\000r\000d\000\040\000H\000a\000r\000m\000o\000n\000i\000c\000\040\000O\000s\000c\000i\000l\000l\000a\000t\000o\000r}{subsection.2.3}% 17
\BOOKMARK [3][-]{subsubsection.2.3.2}{\376\377\000C\000r\000e\000a\000t\000i\000o\000n\000\040\000a\000n\000d\000\040\000A\000n\000n\000i\000h\000i\000l\000a\000t\000i\000o\000n\000\040\000O\000p\000e\000r\000a\000t\000o\000r\000s}{subsection.2.3}% 18
\BOOKMARK [3][-]{subsubsection.2.3.3}{\376\377\000H\000a\000m\000i\000l\000t\000o\000n\000i\000a\000n\000\040\000i\000n\000\040\000T\000e\000r\000m\000s\000\040\000o\000f\000\040\000L\000a\000d\000d\000e\000r\000\040\000O\000p\000e\000r\000a\000t\000o\000r\000s}{subsection.2.3}% 19
\BOOKMARK [3][-]{subsubsection.2.3.4}{\376\377\000F\000o\000c\000k\000\040\000S\000t\000a\000t\000e\000s\000\040\000a\000n\000d\000\040\000V\000a\000c\000u\000u\000m\000\040\000S\000t\000a\000t\000e}{subsection.2.3}% 20
\BOOKMARK [3][-]{subsubsection.2.3.5}{\376\377\000M\000u\000l\000t\000i\000-\000M\000o\000d\000e\000\040\000B\000o\000s\000o\000n\000i\000c\000\040\000S\000y\000s\000t\000e\000m}{subsection.2.3}% 21
\BOOKMARK [3][-]{subsubsection.2.3.6}{\376\377\000Q\000u\000a\000d\000r\000a\000t\000u\000r\000e\000\040\000O\000p\000e\000r\000a\000t\000o\000r\000s\000\040\000f\000o\000r\000\040\000E\000a\000c\000h\000\040\000M\000o\000d\000e}{subsection.2.3}% 22
\BOOKMARK [3][-]{subsubsection.2.3.7}{\376\377\000P\000h\000a\000s\000e\000\040\000S\000p\000a\000c\000e\000\040\000R\000e\000p\000r\000e\000s\000e\000n\000t\000a\000t\000i\000o\000n}{subsection.2.3}% 23
\BOOKMARK [2][-]{subsection.2.4}{\376\377\000M\000e\000a\000n\000\040\000V\000e\000c\000t\000o\000r\000,\000\040\000E\000x\000p\000e\000c\000t\000a\000t\000i\000o\000n\000\040\000V\000a\000l\000u\000e\000s\000\040\000a\000n\000d\000\040\000t\000h\000e\000\040\000C\000o\000v\000a\000r\000i\000a\000n\000c\000e\000\040\000M\000a\000t\000r\000i\000x}{section.2}% 24
\BOOKMARK [3][-]{subsubsection.2.4.1}{\376\377\000C\000o\000v\000a\000r\000i\000a\000n\000c\000e\000\040\000M\000a\000t\000r\000i\000x}{subsection.2.4}% 25
\BOOKMARK [2][-]{subsection.2.5}{\376\377\000T\000h\000e\000\040\000S\000y\000m\000p\000l\000e\000c\000t\000i\000c\000\040\000S\000t\000r\000u\000c\000t\000u\000r\000e\000\040\000o\000f\000\040\000P\000h\000a\000s\000e\000\040\000S\000p\000a\000c\000e\000\040\000a\000n\000d\000\040\000t\000h\000e\000\040\000G\000r\000o\000u\000p\000\040\000S\000p\000\050\0002\000n\000,\000R\000\051}{section.2}% 26
\BOOKMARK [3][-]{subsubsection.2.5.1}{\376\377\000D\000e\000f\000i\000n\000i\000t\000i\000o\000n\000\040\000o\000f\000\040\000S\000y\000m\000p\000l\000e\000c\000t\000i\000c\000\040\000T\000r\000a\000n\000s\000f\000o\000r\000m\000a\000t\000i\000o\000n\000s}{subsection.2.5}% 27
\BOOKMARK [3][-]{subsubsection.2.5.2}{\376\377\000T\000h\000e\000\040\000S\000y\000m\000p\000l\000e\000c\000t\000i\000c\000\040\000G\000r\000o\000u\000p}{subsection.2.5}% 28
\BOOKMARK [3][-]{subsubsection.2.5.3}{\376\377\000R\000e\000a\000l\000\040\000C\000a\000n\000o\000n\000i\000c\000a\000l\000\040\000L\000i\000n\000e\000a\000r\000\040\000T\000r\000a\000n\000s\000f\000o\000r\000m\000a\000t\000i\000o\000n\000s}{subsection.2.5}% 29
\BOOKMARK [2][-]{subsection.2.6}{\376\377\000Q\000u\000a\000d\000r\000a\000t\000i\000c\000\040\000H\000a\000m\000i\000l\000t\000o\000n\000i\000a\000n\000s\000\040\000a\000n\000d\000\040\000G\000a\000u\000s\000s\000i\000a\000n\000\040\000T\000r\000a\000n\000s\000f\000o\000r\000m\000a\000t\000i\000o\000n\000s}{section.2}% 30
\BOOKMARK [2][-]{subsection.2.7}{\376\377\000C\000h\000a\000r\000a\000c\000t\000e\000r\000i\000s\000t\000i\000c\000\040\000F\000u\000n\000c\000t\000i\000o\000n\000s\000\040\000\050\000Q\000u\000a\000n\000t\000u\000m\000\051}{section.2}% 31
\BOOKMARK [2][-]{subsection.2.8}{\376\377\000W\000i\000g\000n\000e\000r\000\040\000F\000u\000n\000c\000t\000i\000o\000n}{section.2}% 32
\BOOKMARK [2][-]{subsection.2.9}{\376\377\000P\000\040\000R\000e\000p\000r\000e\000s\000e\000n\000t\000a\000t\000i\000o\000n}{section.2}% 33
\BOOKMARK [2][-]{subsection.2.10}{\376\377\000T\000r\000a\000c\000e\000\040\000R\000u\000l\000e\000s\000\040\000i\000n\000\040\000P\000h\000a\000s\000e\000\040\000S\000p\000a\000c\000e}{section.2}% 34
\BOOKMARK [2][-]{subsection.2.11}{\376\377\000U\000n\000c\000e\000r\000t\000a\000i\000n\000t\000y\000\040\000P\000r\000i\000n\000c\000i\000p\000l\000e}{section.2}% 35
\BOOKMARK [2][-]{subsection.2.12}{\376\377\000C\000o\000h\000e\000r\000e\000n\000t\000\040\000S\000t\000a\000t\000e\000s}{section.2}% 36
\BOOKMARK [3][-]{subsubsection.2.12.1}{\376\377\000F\000o\000c\000k\000\040\000r\000e\000p\000r\000e\000s\000e\000n\000t\000a\000t\000i\000o\000n\000\040\000o\000f\000\040\000t\000h\000e\000\040\000c\000o\000h\000e\000r\000e\000n\000t\000\040\000s\000t\000a\000t\000e}{subsection.2.12}% 37
\BOOKMARK [3][-]{subsubsection.2.12.2}{\376\377\000T\000h\000e\000\040\000c\000o\000h\000e\000r\000e\000n\000t\000\040\000s\000t\000a\000t\000e\000\040\000a\000s\000\040\000a\000\040\000d\000i\000s\000p\000l\000a\000c\000e\000d\000\040\000v\000a\000c\000u\000u\000m\000\040\000s\000t\000a\000t\000e\000\040\000-\000\040\000t\000h\000e\000\040\000d\000i\000s\000p\000l\000a\000c\000e\000m\000e\000n\000t\000\040\000o\000p\000e\000r\000a\000t\000o\000r}{subsection.2.12}% 38
\BOOKMARK [2][-]{subsection.2.13}{\376\377\000S\000q\000u\000e\000e\000z\000e\000\040\000O\000p\000e\000r\000a\000t\000o\000r}{section.2}% 39
\BOOKMARK [3][-]{subsubsection.2.13.1}{\376\377\000T\000h\000e\000\040\000u\000n\000i\000t\000a\000r\000y\000\040\000s\000q\000u\000e\000e\000z\000e\000\040\000o\000p\000e\000r\000a\000t\000o\000r}{subsection.2.13}% 40
\BOOKMARK [3][-]{subsubsection.2.13.2}{\376\377\000D\000e\000f\000i\000n\000i\000n\000g\000\040\000t\000h\000e\000\040\000O\000p\000e\000r\000a\000t\000o\000r\000s}{subsection.2.13}% 41
\BOOKMARK [3][-]{subsubsection.2.13.3}{\376\377\000A\000p\000p\000l\000y\000i\000n\000g\000\040\000t\000h\000e\000\040\000B\000a\000k\000e\000r\000-\000C\000a\000m\000p\000b\000e\000l\000l\000-\000H\000a\000u\000s\000d\000o\000r\000f\000f\000\040\000L\000e\000m\000m\000a}{subsection.2.13}% 42
\BOOKMARK [3][-]{subsubsection.2.13.4}{\376\377\000C\000a\000l\000c\000u\000l\000a\000t\000i\000n\000g\000\040\000t\000h\000e\000\040\000N\000e\000s\000t\000e\000d\000\040\000C\000o\000m\000m\000u\000t\000a\000t\000o\000r\000s}{subsection.2.13}% 43
\BOOKMARK [3][-]{subsubsection.2.13.5}{\376\377\000S\000u\000m\000m\000i\000n\000g\000\040\000t\000h\000e\000\040\000B\000C\000H\000\040\000S\000e\000r\000i\000e\000s}{subsection.2.13}% 44
\BOOKMARK [3][-]{subsubsection.2.13.6}{\376\377\000F\000i\000n\000a\000l\000\040\000E\000x\000p\000r\000e\000s\000s\000i\000o\000n}{subsection.2.13}% 45
\BOOKMARK [2][-]{subsection.2.14}{\376\377\000D\000e\000r\000i\000v\000a\000t\000i\000o\000n\000\040\000o\000f\000\040\000t\000h\000e\000\040\000N\000o\000r\000m\000a\000l\000-\000O\000r\000d\000e\000r\000e\000d\000\040\000S\000q\000u\000e\000e\000z\000i\000n\000g\000\040\000O\000p\000e\000r\000a\000t\000o\000r\000\040\000u\000s\000i\000n\000g\000\040\000O\000p\000e\000r\000a\000t\000o\000r\000\040\000A\000l\000g\000e\000b\000r\000a}{section.2}% 46
\BOOKMARK [3][-]{subsubsection.2.14.1}{\376\377\000C\000o\000n\000s\000t\000r\000u\000c\000t\000i\000n\000g\000\040\000t\000h\000e\000\040\000N\000o\000r\000m\000a\000l\000-\000O\000r\000d\000e\000r\000e\000d\000\040\000A\000n\000s\000a\000t\000z}{subsection.2.14}% 47
\BOOKMARK [3][-]{subsubsection.2.14.2}{\376\377\000P\000u\000s\000h\000i\000n\000g\000\040\000t\000h\000e\000\040\000C\000r\000e\000a\000t\000i\000o\000n\000\040\000O\000p\000e\000r\000a\000t\000o\000r\000\040\000T\000h\000r\000o\000u\000g\000h\000\040\000t\000h\000e\000\040\000A\000n\000s\000a\000t\000z}{subsection.2.14}% 48
\BOOKMARK [3][-]{subsubsection.2.14.3}{\376\377\000P\000u\000s\000h\000i\000n\000g\000\040\000t\000h\000e\000\040\000A\000n\000n\000i\000h\000i\000l\000a\000t\000i\000o\000n\000\040\000O\000p\000e\000r\000a\000t\000o\000r\000\040\000T\000h\000r\000o\000u\000g\000h\000\040\000t\000h\000e\000\040\000A\000n\000s\000a\000t\000z}{subsection.2.14}% 49
\BOOKMARK [3][-]{subsubsection.2.14.4}{\376\377\000D\000e\000t\000e\000r\000m\000i\000n\000i\000n\000g\000\040\000t\000h\000e\000\040\000N\000o\000r\000m\000a\000l\000i\000z\000a\000t\000i\000o\000n\000\040\000S\000c\000a\000l\000a\000r}{subsection.2.14}% 50
\BOOKMARK [3][-]{subsubsection.2.14.5}{\376\377\000F\000i\000n\000a\000l\000\040\000A\000s\000s\000e\000m\000b\000l\000y}{subsection.2.14}% 51
\BOOKMARK [3][-]{subsubsection.2.14.6}{\376\377\000S\000q\000u\000e\000e\000z\000e\000d\000\040\000s\000t\000a\000t\000e\000\040\000f\000o\000r\000m}{subsection.2.14}% 52
\BOOKMARK [2][-]{subsection.2.15}{\376\377\000D\000e\000r\000i\000v\000a\000t\000i\000o\000n\000\040\000o\000f\000\040\000t\000h\000e\000\040\000W\000i\000g\000n\000e\000r\000\040\000F\000u\000n\000c\000t\000i\000o\000n\000\040\000f\000o\000r\000\040\000t\000h\000e\000\040\000S\000q\000u\000e\000e\000z\000e\000d\000\040\000V\000a\000c\000u\000u\000m\000\040\000S\000t\000a\000t\000e}{section.2}% 53
\BOOKMARK [3][-]{subsubsection.2.15.1}{\376\377\000T\000h\000e\000\040\000A\000n\000n\000i\000h\000i\000l\000a\000t\000i\000o\000n\000\040\000C\000o\000n\000d\000i\000t\000i\000o\000n}{subsection.2.15}% 54
\BOOKMARK [3][-]{subsubsection.2.15.2}{\376\377\000F\000o\000r\000m\000u\000l\000a\000t\000i\000n\000g\000\040\000\040\000i\000n\000\040\000P\000h\000a\000s\000e\000\040\000S\000p\000a\000c\000e}{subsection.2.15}% 55
\BOOKMARK [3][-]{subsubsection.2.15.3}{\376\377\000S\000o\000l\000v\000i\000n\000g\000\040\000t\000h\000e\000\040\000P\000o\000s\000i\000t\000i\000o\000n\000\040\000W\000a\000v\000e\000f\000u\000n\000c\000t\000i\000o\000n}{subsection.2.15}% 56
\BOOKMARK [3][-]{subsubsection.2.15.4}{\376\377\000I\000n\000t\000e\000g\000r\000a\000t\000i\000n\000g\000\040\000t\000h\000e\000\040\000W\000i\000g\000n\000e\000r\000\040\000F\000u\000n\000c\000t\000i\000o\000n}{subsection.2.15}% 57
\BOOKMARK [2][-]{subsection.2.16}{\376\377\000A\000l\000g\000e\000b\000r\000a\000i\000c\000\040\000D\000e\000r\000i\000v\000a\000t\000i\000o\000n\000\040\000o\000f\000\040\000T\000w\000o\000-\000M\000o\000d\000e\000\040\000S\000q\000u\000e\000e\000z\000i\000n\000g}{section.2}% 58
\BOOKMARK [3][-]{subsubsection.2.16.1}{\376\377\000D\000e\000f\000i\000n\000i\000t\000i\000o\000n\000s}{subsection.2.16}% 59
\BOOKMARK [3][-]{subsubsection.2.16.2}{\376\377\000M\000o\000d\000e\000\040\000E\000v\000o\000l\000u\000t\000i\000o\000n}{subsection.2.16}% 60
\BOOKMARK [3][-]{subsubsection.2.16.3}{\376\377\000N\000o\000r\000m\000a\000l\000-\000O\000r\000d\000e\000r\000e\000d\000\040\000L\000a\000d\000d\000e\000r\000\040\000E\000x\000p\000a\000n\000s\000i\000o\000n}{subsection.2.16}% 61
\BOOKMARK [3][-]{subsubsection.2.16.4}{\376\377\000S\000i\000d\000e\000n\000o\000t\000e\000\040\000:}{subsection.2.16}% 62
\BOOKMARK [2][-]{subsection.2.17}{\376\377\000C\000r\000e\000a\000t\000i\000n\000g\000\040\000G\000a\000u\000s\000s\000i\000a\000n\000\040\000E\000P\000R\000\040\000s\000t\000a\000t\000e\000s}{section.2}% 63
\BOOKMARK [3][-]{subsubsection.2.17.1}{\376\377\000P\000r\000e\000l\000i\000m\000i\000n\000a\000r\000y\000\040\000P\000r\000o\000p\000e\000r\000t\000i\000e\000s\000\040\000f\000o\000r\000\040\000U\000s\000a\000g\000e}{subsection.2.17}% 64
\BOOKMARK [3][-]{subsubsection.2.17.2}{\376\377\000T\000h\000e\000\040\000F\000i\000r\000s\000t\000\040\000M\000o\000m\000e\000n\000t\000s\000\040\000\050\000M\000e\000a\000n\000s\000\051}{subsection.2.17}% 65
\BOOKMARK [3][-]{subsubsection.2.17.3}{\376\377\000T\000h\000e\000\040\000P\000h\000o\000t\000o\000n\000\040\000N\000u\000m\000b\000e\000r}{subsection.2.17}% 66
\BOOKMARK [3][-]{subsubsection.2.17.4}{\376\377\000T\000h\000e\000\040\000V\000a\000r\000i\000a\000n\000c\000e\000\040\000/\000\040\000S\000q\000u\000e\000e\000z\000i\000n\000g\000\040\000T\000e\000r\000m\000s}{subsection.2.17}% 67
\BOOKMARK [2][-]{subsection.2.18}{\376\377\000E\000x\000p\000l\000i\000c\000i\000t\000\040\000D\000e\000r\000i\000v\000a\000t\000i\000o\000n\000\040\000o\000f\000\040\000t\000h\000e\000\040\000M\000a\000t\000r\000i\000c\000e\000s\000\040\000f\000o\000r\000\040\000t\000h\000e\000\040\000G\000a\000u\000s\000s\000i\000a\000n\000\040\000E\000P\000R\000\040\000S\000t\000a\000t\000e}{section.2}% 68
\BOOKMARK [3][-]{subsubsection.2.18.1}{\376\377\000D\000e\000r\000i\000v\000i\000n\000g\000\040\000t\000h\000e\000\040\000I\000n\000p\000u\000t\000\040\000C\000o\000v\000a\000r\000i\000a\000n\000c\000e\000\040\000M\000a\000t\000r\000i\000x\000\040}{subsection.2.18}% 69
\BOOKMARK [3][-]{subsubsection.2.18.2}{\376\377\000D\000e\000r\000i\000v\000i\000n\000g\000\040\000t\000h\000e\000\040\000S\000y\000m\000p\000l\000e\000c\000t\000i\000c\000\040\000B\000e\000a\000m\000-\000S\000p\000l\000i\000t\000t\000e\000r\000\040\000M\000a\000t\000r\000i\000x\000\040}{subsection.2.18}% 70
\BOOKMARK [3][-]{subsubsection.2.18.3}{\376\377\000D\000e\000r\000i\000v\000i\000n\000g\000\040\000t\000h\000e\000\040\000O\000u\000t\000p\000u\000t\000\040\000E\000P\000R\000\040\000C\000o\000v\000a\000r\000i\000a\000n\000c\000e\000\040\000M\000a\000t\000r\000i\000x\000\040}{subsection.2.18}% 71
\BOOKMARK [1][-]{section.3}{\376\377\000S\000t\000a\000t\000e\000\040\000D\000i\000s\000c\000r\000i\000m\000i\000n\000a\000t\000i\000o\000n\000\040\000U\000s\000i\000n\000g\000\040\000G\000a\000u\000s\000s\000i\000a\000n\000\040\000S\000t\000a\000t\000e\000s}{}% 72
\BOOKMARK [2][-]{subsection.3.1}{\376\377\000I\000n\000t\000r\000o\000d\000u\000c\000t\000i\000o\000n}{section.3}% 73
\BOOKMARK [2][-]{subsection.3.2}{\376\377\000N\000o\000r\000m\000a\000l\000\040\000f\000o\000r\000m\000\040\000d\000e\000c\000o\000m\000p\000o\000s\000i\000t\000i\000o\000n}{section.3}% 74
\BOOKMARK [2][-]{subsection.3.3}{\376\377\000D\000i\000s\000t\000i\000n\000g\000u\000i\000s\000a\000b\000i\000l\000i\000t\000y\000\040\000O\000f\000\040\000S\000t\000a\000t\000e\000s}{section.3}% 75
\BOOKMARK [3][-]{subsubsection.3.3.1}{\376\377\000H\000e\000l\000s\000t\000r\000o\000m\040\031\000s\000\040\000O\000p\000t\000i\000m\000a\000l\000\040\000D\000i\000s\000c\000r\000i\000m\000i\000n\000a\000t\000i\000o\000n}{subsection.3.3}% 76
\BOOKMARK [3][-]{subsubsection.3.3.2}{\376\377\000F\000i\000d\000e\000l\000i\000t\000y}{subsection.3.3}% 77
\BOOKMARK [3][-]{subsubsection.3.3.3}{\376\377\000Q\000u\000a\000n\000t\000u\000m\000\040\000C\000h\000e\000r\000n\000o\000f\000f\000\040\000B\000o\000u\000n\000d\000s}{subsection.3.3}% 78
\BOOKMARK [2][-]{subsection.3.4}{\376\377\000F\000i\000d\000e\000l\000i\000t\000y\000\040\000f\000o\000r\000\040\000G\000a\000u\000s\000s\000i\000a\000n\000\040\000S\000t\000a\000t\000e\000s}{section.3}% 79
\BOOKMARK [3][-]{subsubsection.3.4.1}{\376\377\000S\000i\000n\000g\000l\000e\000\040\000M\000o\000d\000e\000\040\000G\000a\000u\000s\000s\000i\000a\000n\000\040\000S\000t\000a\000t\000e\000s}{subsection.3.4}% 80
\BOOKMARK [3][-]{subsubsection.3.4.2}{\376\377\000M\000u\000l\000t\000i\000m\000o\000d\000e\000\040\000G\000a\000u\000s\000s\000i\000a\000n\000\040\000S\000t\000a\000t\000e\000s}{subsection.3.4}% 81
\BOOKMARK [2][-]{subsection.3.5}{\376\377\000Q\000u\000a\000n\000t\000u\000m\000\040\000C\000h\000e\000r\000n\000o\000f\000f\000\040\000B\000o\000u\000n\000d\000s\000\040\000f\000o\000r\000\040\000G\000a\000u\000s\000s\000i\000a\000n\000\040\000S\000t\000a\000t\000e\000s}{section.3}% 82
\BOOKMARK [3][-]{subsubsection.3.5.1}{\376\377\000N\000u\000m\000e\000r\000i\000c\000a\000l\000\040\000A\000n\000a\000l\000y\000s\000i\000s\000\040\000o\000f\000\040\000Q\000u\000a\000n\000t\000u\000m\000\040\000C\000h\000e\000r\000n\000o\000f\000f\000\040\000B\000o\000u\000n\000d\000s}{subsection.3.5}% 83
\BOOKMARK [3][-]{subsubsection.3.5.2}{\376\377\000R\000e\000s\000u\000l\000t\000s}{subsection.3.5}% 84
\BOOKMARK [1][-]{figure.caption.6}{\376\377\000R\000e\000f\000e\000r\000e\000n\000c\000e\000s}{}% 85
